✅ JSON database initialized
   Users: 1
   Tips: 0
🤖 Starting bot...
❌ Failed to start bot: TelegramError: 409: Conflict: terminated by other getUpdates request; make sure that only one bot instance is running
    at Telegram.callApi (/home/walt/.openclaw/workspace/projects/walt-tipping-system/node_modules/telegraf/lib/core/network/client.js:315:19)
    at process.processTicksAndRejections (node:internal/process/task_queues:105:5)
    at async [Symbol.asyncIterator] (/home/walt/.openclaw/workspace/projects/walt-tipping-system/node_modules/telegraf/lib/core/network/polling.js:30:33)
    at async Polling.loop (/home/walt/.openclaw/workspace/projects/walt-tipping-system/node_modules/telegraf/lib/core/network/polling.js:73:30)
    at async Telegraf.launch (/home/walt/.openclaw/workspace/projects/walt-tipping-system/node_modules/telegraf/lib/telegraf.js:194:13) {
  response: {
    ok: false,
    error_code: 409,
    description: 'Conflict: terminated by other getUpdates request; make sure that only one bot instance is running'
  },
  on: {
    method: 'getUpdates',
    payload: { timeout: 50, offset: 0, allowed_updates: [] }
  }
}
